<?xml version="1.0" encoding="UTF-8"?>
<testsuite xmlns:xsi="http://www.w3.org/2001/XMLSchema-instance" xsi:noNamespaceSchemaLocation="https://maven.apache.org/surefire/maven-surefire-plugin/xsd/surefire-test-report-3.0.xsd" version="3.0" name="fr.ufrst.m1info.comp4.GUI.AcceptanceTest" time="0.124" tests="6" errors="0" skipped="0" failures="0">
  <properties>
[...]
</properties>
  <testcase name="tasTest" classname="fr.ufrst.m1info.comp4.GUI.AcceptanceTest" time="0.052"/>
  <testcase name="quickSortTest" classname="fr.ufrst.m1info.comp4.GUI.AcceptanceTest" time="0.02"/>
  <testcase name="synonymieTest" classname="fr.ufrst.m1info.comp4.GUI.AcceptanceTest" time="0.004"/>
  <testcase name="unMJJTest" classname="fr.ufrst.m1info.comp4.GUI.AcceptanceTest" time="0.003"/>
  <testcase name="factTest" classname="fr.ufrst.m1info.comp4.GUI.AcceptanceTest" time="0.003"/>
  <testcase name="unJJCTest" classname="fr.ufrst.m1info.comp4.GUI.AcceptanceTest" time="0.005"/>
</testsuite>