<?xml version="1.0" encoding="UTF-8"?>
<testsuite xmlns:xsi="http://www.w3.org/2001/XMLSchema-instance" xsi:noNamespaceSchemaLocation="https://maven.apache.org/surefire/maven-surefire-plugin/xsd/surefire-test-report-3.0.xsd" version="3.0" name="fr.ufrst.m1info.comp4.typeChecker.TypeCheckerTest" time="0.138" tests="163" errors="0" skipped="0" failures="0">
  <properties>
[...]
</properties>
  <testcase name="AppelCrossFct" classname="fr.ufrst.m1info.comp4.typeChecker.TypeCheckerTest" time="0.017"/>
  <testcase name="AppelCrossVar" classname="fr.ufrst.m1info.comp4.typeChecker.TypeCheckerTest" time="0.006"/>
  <testcase name="declarationTableauLengthNoInt" classname="fr.ufrst.m1info.comp4.typeChecker.TypeCheckerTest" time="0.001"/>
  <testcase name="TestSynonymie" classname="fr.ufrst.m1info.comp4.typeChecker.TypeCheckerTest" time="0.003"/>
  <testcase name="initIntVarArray" classname="fr.ufrst.m1info.comp4.typeChecker.TypeCheckerTest" time="0"/>
  <testcase name="undeclaredFctInt" classname="fr.ufrst.m1info.comp4.typeChecker.TypeCheckerTest" time="0.001"/>
  <testcase name="appelEGoodTypeEntete" classname="fr.ufrst.m1info.comp4.typeChecker.TypeCheckerTest" time="0.001"/>
  <testcase name="affectSameType" classname="fr.ufrst.m1info.comp4.typeChecker.TypeCheckerTest" time="0"/>
  <testcase name="SupSecondNoInit" classname="fr.ufrst.m1info.comp4.typeChecker.TypeCheckerTest" time="0.001"/>
  <testcase name="SupSecondNotInt" classname="fr.ufrst.m1info.comp4.typeChecker.TypeCheckerTest" time="0"/>
  <testcase name="initIntCstArray" classname="fr.ufrst.m1info.comp4.typeChecker.TypeCheckerTest" time="0.001"/>
  <testcase name="appelEGoodType" classname="fr.ufrst.m1info.comp4.typeChecker.TypeCheckerTest" time="0"/>
  <testcase name="initBoolVarArray" classname="fr.ufrst.m1info.comp4.typeChecker.TypeCheckerTest" time="0.001"/>
  <testcase name="writeLnChaine" classname="fr.ufrst.m1info.comp4.typeChecker.TypeCheckerTest" time="0.001"/>
  <testcase name="initBoolCstArray" classname="fr.ufrst.m1info.comp4.typeChecker.TypeCheckerTest" time="0"/>
  <testcase name="appelEBadTypeEntete" classname="fr.ufrst.m1info.comp4.typeChecker.TypeCheckerTest" time="0.001"/>
  <testcase name="appelArrayWithNoArray" classname="fr.ufrst.m1info.comp4.typeChecker.TypeCheckerTest" time="0"/>
  <testcase name="SupArray" classname="fr.ufrst.m1info.comp4.typeChecker.TypeCheckerTest" time="0"/>
  <testcase name="SupValid" classname="fr.ufrst.m1info.comp4.typeChecker.TypeCheckerTest" time="0"/>
  <testcase name="initVarWithSelf" classname="fr.ufrst.m1info.comp4.typeChecker.TypeCheckerTest" time="0.001"/>
  <testcase name="SupArrayAt" classname="fr.ufrst.m1info.comp4.typeChecker.TypeCheckerTest" time="0"/>
  <testcase name="enteteNotSameName" classname="fr.ufrst.m1info.comp4.typeChecker.TypeCheckerTest" time="0"/>
  <testcase name="initVcstWithVarSameNameClasse" classname="fr.ufrst.m1info.comp4.typeChecker.TypeCheckerTest" time="0.001"/>
  <testcase name="initVarWithSelfInClass" classname="fr.ufrst.m1info.comp4.typeChecker.TypeCheckerTest" time="0"/>
  <testcase name="TestQuickSort" classname="fr.ufrst.m1info.comp4.typeChecker.TypeCheckerTest" time="0.003"/>
  <testcase name="returnArray" classname="fr.ufrst.m1info.comp4.typeChecker.TypeCheckerTest" time="0"/>
  <testcase name="EQUALArrayNotSameType" classname="fr.ufrst.m1info.comp4.typeChecker.TypeCheckerTest" time="0.001"/>
  <testcase name="testBoolRetIfElse" classname="fr.ufrst.m1info.comp4.typeChecker.TypeCheckerTest" time="0.001"/>
  <testcase name="appelArrayWithArray" classname="fr.ufrst.m1info.comp4.typeChecker.TypeCheckerTest" time="0"/>
  <testcase name="EQUALArraySameType" classname="fr.ufrst.m1info.comp4.typeChecker.TypeCheckerTest" time="0"/>
  <testcase name="SurchargeFct" classname="fr.ufrst.m1info.comp4.typeChecker.TypeCheckerTest" time="0.001"/>
  <testcase name="etFirstNoInit" classname="fr.ufrst.m1info.comp4.typeChecker.TypeCheckerTest" time="0"/>
  <testcase name="SupFirstNoInit" classname="fr.ufrst.m1info.comp4.typeChecker.TypeCheckerTest" time="0"/>
  <testcase name="initIntVarArrayAt" classname="fr.ufrst.m1info.comp4.typeChecker.TypeCheckerTest" time="0.001"/>
  <testcase name="SupFirstNotInt" classname="fr.ufrst.m1info.comp4.typeChecker.TypeCheckerTest" time="0"/>
  <testcase name="initVcstWithSelfInClass" classname="fr.ufrst.m1info.comp4.typeChecker.TypeCheckerTest" time="0"/>
  <testcase name="initVcstWithSelf" classname="fr.ufrst.m1info.comp4.typeChecker.TypeCheckerTest" time="0.001"/>
  <testcase name="initVcstWithSelfInMain" classname="fr.ufrst.m1info.comp4.typeChecker.TypeCheckerTest" time="0"/>
  <testcase name="TestFact" classname="fr.ufrst.m1info.comp4.typeChecker.TypeCheckerTest" time="0.001"/>
  <testcase name="testIntReMissingIfElse" classname="fr.ufrst.m1info.comp4.typeChecker.TypeCheckerTest" time="0"/>
  <testcase name="declarationTableauLength" classname="fr.ufrst.m1info.comp4.typeChecker.TypeCheckerTest" time="0.001"/>
  <testcase name="LengthIdent" classname="fr.ufrst.m1info.comp4.typeChecker.TypeCheckerTest" time="0"/>
  <testcase name="affectArrayAt" classname="fr.ufrst.m1info.comp4.typeChecker.TypeCheckerTest" time="0"/>
  <testcase name="affectArrayAt2" classname="fr.ufrst.m1info.comp4.typeChecker.TypeCheckerTest" time="0.001"/>
  <testcase name="affectArrayAt3" classname="fr.ufrst.m1info.comp4.typeChecker.TypeCheckerTest" time="0"/>
  <testcase name="DivArrayAt" classname="fr.ufrst.m1info.comp4.typeChecker.TypeCheckerTest" time="0"/>
  <testcase name="testBoolRetIfElseMissingReturnIf" classname="fr.ufrst.m1info.comp4.typeChecker.TypeCheckerTest" time="0"/>
  <testcase name="affectArrayNotSameType" classname="fr.ufrst.m1info.comp4.typeChecker.TypeCheckerTest" time="0"/>
  <testcase name="initIntCstArrayAt" classname="fr.ufrst.m1info.comp4.typeChecker.TypeCheckerTest" time="0"/>
  <testcase name="affectSynnoymieNoInit" classname="fr.ufrst.m1info.comp4.typeChecker.TypeCheckerTest" time="0.001"/>
  <testcase name="appelEBadTypeEnteteArray" classname="fr.ufrst.m1info.comp4.typeChecker.TypeCheckerTest" time="0"/>
  <testcase name="incrementInt" classname="fr.ufrst.m1info.comp4.typeChecker.TypeCheckerTest" time="0"/>
  <testcase name="InitCst" classname="fr.ufrst.m1info.comp4.typeChecker.TypeCheckerTest" time="0.001"/>
  <testcase name="testMissingIntRetWhile" classname="fr.ufrst.m1info.comp4.typeChecker.TypeCheckerTest" time="0"/>
  <testcase name="writeArray" classname="fr.ufrst.m1info.comp4.typeChecker.TypeCheckerTest" time="0"/>
  <testcase name="testBoolRetIfElseMissingReturnElse" classname="fr.ufrst.m1info.comp4.typeChecker.TypeCheckerTest" time="0.001"/>
  <testcase name="affectArraySameType" classname="fr.ufrst.m1info.comp4.typeChecker.TypeCheckerTest" time="0"/>
  <testcase name="MinusArray" classname="fr.ufrst.m1info.comp4.typeChecker.TypeCheckerTest" time="0"/>
  <testcase name="ORArray" classname="fr.ufrst.m1info.comp4.typeChecker.TypeCheckerTest" time="0"/>
  <testcase name="tabNoIntPos" classname="fr.ufrst.m1info.comp4.typeChecker.TypeCheckerTest" time="0.001"/>
  <testcase name="SupnotInts" classname="fr.ufrst.m1info.comp4.typeChecker.TypeCheckerTest" time="0"/>
  <testcase name="undeclaredFctVoid" classname="fr.ufrst.m1info.comp4.typeChecker.TypeCheckerTest" time="0"/>
  <testcase name="EQUALSecondNoInit" classname="fr.ufrst.m1info.comp4.typeChecker.TypeCheckerTest" time="0.001"/>
  <testcase name="minusUnaryNotInit" classname="fr.ufrst.m1info.comp4.typeChecker.TypeCheckerTest" time="0"/>
  <testcase name="initVarInFctWithSelfClass" classname="fr.ufrst.m1info.comp4.typeChecker.TypeCheckerTest" time="0.001"/>
  <testcase name="initArrayWithNumber" classname="fr.ufrst.m1info.comp4.typeChecker.TypeCheckerTest" time="0"/>
  <testcase name="initVarWithTab" classname="fr.ufrst.m1info.comp4.typeChecker.TypeCheckerTest" time="0"/>
  <testcase name="ANDArray" classname="fr.ufrst.m1info.comp4.typeChecker.TypeCheckerTest" time="0"/>
  <testcase name="SupTwoNoInits" classname="fr.ufrst.m1info.comp4.typeChecker.TypeCheckerTest" time="0.001"/>
  <testcase name="affectArrayToInt" classname="fr.ufrst.m1info.comp4.typeChecker.TypeCheckerTest" time="0"/>
  <testcase name="initBoolVarGoodType" classname="fr.ufrst.m1info.comp4.typeChecker.TypeCheckerTest" time="0"/>
  <testcase name="MinusArrayAt" classname="fr.ufrst.m1info.comp4.typeChecker.TypeCheckerTest" time="0"/>
  <testcase name="EQUALArrayAt" classname="fr.ufrst.m1info.comp4.typeChecker.TypeCheckerTest" time="0.001"/>
  <testcase name="testFctIntRetBool" classname="fr.ufrst.m1info.comp4.typeChecker.TypeCheckerTest" time="0"/>
  <testcase name="testIntReNoMissingIfElse" classname="fr.ufrst.m1info.comp4.typeChecker.TypeCheckerTest" time="0"/>
  <testcase name="ANDArrayAt" classname="fr.ufrst.m1info.comp4.typeChecker.TypeCheckerTest" time="0"/>
  <testcase name="incArray" classname="fr.ufrst.m1info.comp4.typeChecker.TypeCheckerTest" time="0.001"/>
  <testcase name="initTableauSizeSelf" classname="fr.ufrst.m1info.comp4.typeChecker.TypeCheckerTest" time="0"/>
  <testcase name="Test1" classname="fr.ufrst.m1info.comp4.typeChecker.TypeCheckerTest" time="0.001"/>
  <testcase name="affectNotSameType" classname="fr.ufrst.m1info.comp4.typeChecker.TypeCheckerTest" time="0"/>
  <testcase name="nonNoInit" classname="fr.ufrst.m1info.comp4.typeChecker.TypeCheckerTest" time="0"/>
  <testcase name="etSecondNoInit" classname="fr.ufrst.m1info.comp4.typeChecker.TypeCheckerTest" time="0"/>
  <testcase name="EQUALTwoNoInits" classname="fr.ufrst.m1info.comp4.typeChecker.TypeCheckerTest" time="0"/>
  <testcase name="initBoolVarArrayAt" classname="fr.ufrst.m1info.comp4.typeChecker.TypeCheckerTest" time="0.001"/>
  <testcase name="testVoidRet" classname="fr.ufrst.m1info.comp4.typeChecker.TypeCheckerTest" time="0"/>
  <testcase name="TestTas" classname="fr.ufrst.m1info.comp4.typeChecker.TypeCheckerTest" time="0.001"/>
  <testcase name="synonymieNotSameType" classname="fr.ufrst.m1info.comp4.typeChecker.TypeCheckerTest" time="0"/>
  <testcase name="testIntRetWhileValide" classname="fr.ufrst.m1info.comp4.typeChecker.TypeCheckerTest" time="0"/>
  <testcase name="testMissingReturn" classname="fr.ufrst.m1info.comp4.typeChecker.TypeCheckerTest" time="0.001"/>
  <testcase name="synonymieSameType" classname="fr.ufrst.m1info.comp4.typeChecker.TypeCheckerTest" time="0"/>
  <testcase name="initVcstWithTab" classname="fr.ufrst.m1info.comp4.typeChecker.TypeCheckerTest" time="0"/>
  <testcase name="DivArray" classname="fr.ufrst.m1info.comp4.typeChecker.TypeCheckerTest" time="0.001"/>
  <testcase name="testIntRetValide" classname="fr.ufrst.m1info.comp4.typeChecker.TypeCheckerTest" time="0"/>
  <testcase name="testBoolRetIfElseMiisingRetElse" classname="fr.ufrst.m1info.comp4.typeChecker.TypeCheckerTest" time="0"/>
  <testcase name="appelEBadType" classname="fr.ufrst.m1info.comp4.typeChecker.TypeCheckerTest" time="0"/>
  <testcase name="PlusArray" classname="fr.ufrst.m1info.comp4.typeChecker.TypeCheckerTest" time="0"/>
  <testcase name="initBoolVarBadType" classname="fr.ufrst.m1info.comp4.typeChecker.TypeCheckerTest" time="0"/>
  <testcase name="EQUALArrayANDArrayAt" classname="fr.ufrst.m1info.comp4.typeChecker.TypeCheckerTest" time="0"/>
  <testcase name="affectIntToArrayAt" classname="fr.ufrst.m1info.comp4.typeChecker.TypeCheckerTest" time="0.001"/>
  <testcase name="initBoolCstArrayAt" classname="fr.ufrst.m1info.comp4.typeChecker.TypeCheckerTest" time="0"/>
  <testcase name="LengthIdentNoInit" classname="fr.ufrst.m1info.comp4.typeChecker.TypeCheckerTest" time="0"/>
  <testcase name="testRetMain" classname="fr.ufrst.m1info.comp4.typeChecker.TypeCheckerTest" time="0"/>
  <testcase name="MultArray" classname="fr.ufrst.m1info.comp4.typeChecker.TypeCheckerTest" time="0.001"/>
  <testcase name="negArray" classname="fr.ufrst.m1info.comp4.typeChecker.TypeCheckerTest" time="0"/>
  <testcase name="EQUALArrayNbre1" classname="fr.ufrst.m1info.comp4.typeChecker.TypeCheckerTest" time="0"/>
  <testcase name="EQUALArrayNbre2" classname="fr.ufrst.m1info.comp4.typeChecker.TypeCheckerTest" time="0"/>
  <testcase name="writeChaine" classname="fr.ufrst.m1info.comp4.typeChecker.TypeCheckerTest" time="0.001"/>
  <testcase name="PlusArrayAt" classname="fr.ufrst.m1info.comp4.typeChecker.TypeCheckerTest" time="0"/>
  <testcase name="retNotInit" classname="fr.ufrst.m1info.comp4.typeChecker.TypeCheckerTest" time="0"/>
  <testcase name="ORnotBools" classname="fr.ufrst.m1info.comp4.typeChecker.TypeCheckerTest" time="0"/>
  <testcase name="declarationTableauVarSizeDeclared" classname="fr.ufrst.m1info.comp4.typeChecker.TypeCheckerTest" time="0.001"/>
  <testcase name="ORArrayAt" classname="fr.ufrst.m1info.comp4.typeChecker.TypeCheckerTest" time="0"/>
  <testcase name="testVoidRetValide" classname="fr.ufrst.m1info.comp4.typeChecker.TypeCheckerTest" time="0"/>
  <testcase name="MultArrayAt" classname="fr.ufrst.m1info.comp4.typeChecker.TypeCheckerTest" time="0.001"/>
  <testcase name="minusUnaryArrayAt" classname="fr.ufrst.m1info.comp4.typeChecker.TypeCheckerTest" time="0"/>
  <testcase name="declarationTableauVarSizeUndeclared" classname="fr.ufrst.m1info.comp4.typeChecker.TypeCheckerTest" time="0"/>
  <testcase name="incArrayAt" classname="fr.ufrst.m1info.comp4.typeChecker.TypeCheckerTest" time="0"/>
  <testcase name="testMissingIntRetIf" classname="fr.ufrst.m1info.comp4.typeChecker.TypeCheckerTest" time="0.001"/>
  <testcase name="incrementVarNotInitialized" classname="fr.ufrst.m1info.comp4.typeChecker.TypeCheckerTest" time="0"/>
  <testcase name="affectationTwoUndeclared" classname="fr.ufrst.m1info.comp4.typeChecker.TypeCheckerTest" time="0"/>
  <testcase name="writelnArray" classname="fr.ufrst.m1info.comp4.typeChecker.TypeCheckerTest" time="0"/>
  <testcase name="SurchargeFctNotSameType" classname="fr.ufrst.m1info.comp4.typeChecker.TypeCheckerTest" time="0"/>
  <testcase name="whileConditionBadType" classname="fr.ufrst.m1info.comp4.typeChecker.TypeCheckerTest" time="0"/>
  <testcase name="testIntRet" classname="fr.ufrst.m1info.comp4.typeChecker.TypeCheckerTest" time="0"/>
  <testcase name="initVarGoodType" classname="fr.ufrst.m1info.comp4.typeChecker.TypeCheckerTest" time="0"/>
  <testcase name="tabNoInit" classname="fr.ufrst.m1info.comp4.typeChecker.TypeCheckerTest" time="0"/>
  <testcase name="minusUnaryArray" classname="fr.ufrst.m1info.comp4.typeChecker.TypeCheckerTest" time="0"/>
  <testcase name="minusUnaryNoInt" classname="fr.ufrst.m1info.comp4.typeChecker.TypeCheckerTest" time="0.001"/>
  <testcase name="declarationTableauVoid" classname="fr.ufrst.m1info.comp4.typeChecker.TypeCheckerTest" time="0"/>
  <testcase name="sommeArrayAt" classname="fr.ufrst.m1info.comp4.typeChecker.TypeCheckerTest" time="0"/>
  <testcase name="affectIntToArray" classname="fr.ufrst.m1info.comp4.typeChecker.TypeCheckerTest" time="0"/>
  <testcase name="EQUALArrayVar1" classname="fr.ufrst.m1info.comp4.typeChecker.TypeCheckerTest" time="0.001"/>
  <testcase name="EQUALArrayVar2" classname="fr.ufrst.m1info.comp4.typeChecker.TypeCheckerTest" time="0"/>
  <testcase name="initArrayWithSizeArray" classname="fr.ufrst.m1info.comp4.typeChecker.TypeCheckerTest" time="0"/>
  <testcase name="testIfVarNotDeclared" classname="fr.ufrst.m1info.comp4.typeChecker.TypeCheckerTest" time="0.001"/>
  <testcase name="initVarWithSelfInMain" classname="fr.ufrst.m1info.comp4.typeChecker.TypeCheckerTest" time="0"/>
  <testcase name="initTableauSizeSelfInMain" classname="fr.ufrst.m1info.comp4.typeChecker.TypeCheckerTest" time="0"/>
  <testcase name="ifArray" classname="fr.ufrst.m1info.comp4.typeChecker.TypeCheckerTest" time="0"/>
  <testcase name="testVoidRetWhile" classname="fr.ufrst.m1info.comp4.typeChecker.TypeCheckerTest" time="0.001"/>
  <testcase name="whileArray" classname="fr.ufrst.m1info.comp4.typeChecker.TypeCheckerTest" time="0"/>
  <testcase name="RedeclarationTableau" classname="fr.ufrst.m1info.comp4.typeChecker.TypeCheckerTest" time="0"/>
  <testcase name="EQUALFirtNoInit" classname="fr.ufrst.m1info.comp4.typeChecker.TypeCheckerTest" time="0"/>
  <testcase name="incrementNoInt" classname="fr.ufrst.m1info.comp4.typeChecker.TypeCheckerTest" time="0.001"/>
  <testcase name="ifArrayAt" classname="fr.ufrst.m1info.comp4.typeChecker.TypeCheckerTest" time="0"/>
  <testcase name="affectVarToArray" classname="fr.ufrst.m1info.comp4.typeChecker.TypeCheckerTest" time="0"/>
  <testcase name="InitCstBadType" classname="fr.ufrst.m1info.comp4.typeChecker.TypeCheckerTest" time="0"/>
  <testcase name="RedeclarationMeth" classname="fr.ufrst.m1info.comp4.typeChecker.TypeCheckerTest" time="0.001"/>
  <testcase name="RedeclarationVcst" classname="fr.ufrst.m1info.comp4.typeChecker.TypeCheckerTest" time="0"/>
  <testcase name="initVarInFctWithSelf" classname="fr.ufrst.m1info.comp4.typeChecker.TypeCheckerTest" time="0"/>
  <testcase name="LengthTab" classname="fr.ufrst.m1info.comp4.typeChecker.TypeCheckerTest" time="0"/>
  <testcase name="nonNoBoolean" classname="fr.ufrst.m1info.comp4.typeChecker.TypeCheckerTest" time="0.001"/>
  <testcase name="initVoidVar" classname="fr.ufrst.m1info.comp4.typeChecker.TypeCheckerTest" time="0"/>
  <testcase name="initVarWithVarSameNameClasse" classname="fr.ufrst.m1info.comp4.typeChecker.TypeCheckerTest" time="0"/>
  <testcase name="appelFctValid" classname="fr.ufrst.m1info.comp4.typeChecker.TypeCheckerTest" time="0"/>
  <testcase name="RedeclarationVar" classname="fr.ufrst.m1info.comp4.typeChecker.TypeCheckerTest" time="0.001"/>
  <testcase name="appelETab" classname="fr.ufrst.m1info.comp4.typeChecker.TypeCheckerTest" time="0"/>
  <testcase name="appelITab" classname="fr.ufrst.m1info.comp4.typeChecker.TypeCheckerTest" time="0"/>
  <testcase name="sommeArray" classname="fr.ufrst.m1info.comp4.typeChecker.TypeCheckerTest" time="0"/>
  <testcase name="negArrayAt" classname="fr.ufrst.m1info.comp4.typeChecker.TypeCheckerTest" time="0.001"/>
  <testcase name="enteteSameName" classname="fr.ufrst.m1info.comp4.typeChecker.TypeCheckerTest" time="0"/>
  <testcase name="declarationVarVoid" classname="fr.ufrst.m1info.comp4.typeChecker.TypeCheckerTest" time="0"/>
  <testcase name="etTwoNoInits" classname="fr.ufrst.m1info.comp4.typeChecker.TypeCheckerTest" time="0"/>
  <testcase name="WhileVarNotInit" classname="fr.ufrst.m1info.comp4.typeChecker.TypeCheckerTest" time="0.001"/>
</testsuite>