<?xml version="1.0" encoding="UTF-8"?>
<testsuite xmlns:xsi="http://www.w3.org/2001/XMLSchema-instance" xsi:noNamespaceSchemaLocation="https://maven.apache.org/surefire/maven-surefire-plugin/xsd/surefire-test-report-3.0.xsd" version="3.0" name="fr.ufrst.m1info.comp4.interpreter.minijaja.InterpreterMJJUnitTest" time="0.047" tests="80" errors="0" skipped="0" failures="0">
  <properties>
[...]
</properties>
  <testcase name="testAffectationTException" classname="fr.ufrst.m1info.comp4.interpreter.minijaja.InterpreterMJJUnitTest" time="0"/>
  <testcase name="testVarDeleteException" classname="fr.ufrst.m1info.comp4.interpreter.minijaja.InterpreterMJJUnitTest" time="0.001"/>
  <testcase name="testEntetes" classname="fr.ufrst.m1info.comp4.interpreter.minijaja.InterpreterMJJUnitTest" time="0.001"/>
  <testcase name="testCstDefaultException" classname="fr.ufrst.m1info.comp4.interpreter.minijaja.InterpreterMJJUnitTest" time="0"/>
  <testcase name="testEtFalse" classname="fr.ufrst.m1info.comp4.interpreter.minijaja.InterpreterMJJUnitTest" time="0"/>
  <testcase name="testIdentExceptionValNull" classname="fr.ufrst.m1info.comp4.interpreter.minijaja.InterpreterMJJUnitTest" time="0.001"/>
  <testcase name="testAffectationException" classname="fr.ufrst.m1info.comp4.interpreter.minijaja.InterpreterMJJUnitTest" time="0"/>
  <testcase name="testCstDelete" classname="fr.ufrst.m1info.comp4.interpreter.minijaja.InterpreterMJJUnitTest" time="0"/>
  <testcase name="testVarDefault" classname="fr.ufrst.m1info.comp4.interpreter.minijaja.InterpreterMJJUnitTest" time="0"/>
  <testcase name="testOuFalse" classname="fr.ufrst.m1info.comp4.interpreter.minijaja.InterpreterMJJUnitTest" time="0.001"/>
  <testcase name="testLengthExceptionVar" classname="fr.ufrst.m1info.comp4.interpreter.minijaja.InterpreterMJJUnitTest" time="0"/>
  <testcase name="testIncException" classname="fr.ufrst.m1info.comp4.interpreter.minijaja.InterpreterMJJUnitTest" time="0"/>
  <testcase name="testLengthExceptionGetVal" classname="fr.ufrst.m1info.comp4.interpreter.minijaja.InterpreterMJJUnitTest" time="0"/>
  <testcase name="testDiv" classname="fr.ufrst.m1info.comp4.interpreter.minijaja.InterpreterMJJUnitTest" time="0"/>
  <testcase name="testInc" classname="fr.ufrst.m1info.comp4.interpreter.minijaja.InterpreterMJJUnitTest" time="0"/>
  <testcase name="testInt" classname="fr.ufrst.m1info.comp4.interpreter.minijaja.InterpreterMJJUnitTest" time="0.001"/>
  <testcase name="testTab" classname="fr.ufrst.m1info.comp4.interpreter.minijaja.InterpreterMJJUnitTest" time="0"/>
  <testcase name="testTableauDeleteException" classname="fr.ufrst.m1info.comp4.interpreter.minijaja.InterpreterMJJUnitTest" time="0.001"/>
  <testcase name="testClass" classname="fr.ufrst.m1info.comp4.interpreter.minijaja.InterpreterMJJUnitTest" time="0"/>
  <testcase name="testDecls" classname="fr.ufrst.m1info.comp4.interpreter.minijaja.InterpreterMJJUnitTest" time="0"/>
  <testcase name="testIdent" classname="fr.ufrst.m1info.comp4.interpreter.minijaja.InterpreterMJJUnitTest" time="0"/>
  <testcase name="testMoins" classname="fr.ufrst.m1info.comp4.interpreter.minijaja.InterpreterMJJUnitTest" time="0"/>
  <testcase name="testNodes" classname="fr.ufrst.m1info.comp4.interpreter.minijaja.InterpreterMJJUnitTest" time="0"/>
  <testcase name="testSomme" classname="fr.ufrst.m1info.comp4.interpreter.minijaja.InterpreterMJJUnitTest" time="0.001"/>
  <testcase name="testWhile" classname="fr.ufrst.m1info.comp4.interpreter.minijaja.InterpreterMJJUnitTest" time="0"/>
  <testcase name="testWrite" classname="fr.ufrst.m1info.comp4.interpreter.minijaja.InterpreterMJJUnitTest" time="0.001"/>
  <testcase name="testCstDefault" classname="fr.ufrst.m1info.comp4.interpreter.minijaja.InterpreterMJJUnitTest" time="0"/>
  <testcase name="testElse" classname="fr.ufrst.m1info.comp4.interpreter.minijaja.InterpreterMJJUnitTest" time="0.001"/>
  <testcase name="testFaux" classname="fr.ufrst.m1info.comp4.interpreter.minijaja.InterpreterMJJUnitTest" time="0"/>
  <testcase name="testIncT" classname="fr.ufrst.m1info.comp4.interpreter.minijaja.InterpreterMJJUnitTest" time="0"/>
  <testcase name="testMult" classname="fr.ufrst.m1info.comp4.interpreter.minijaja.InterpreterMJJUnitTest" time="0"/>
  <testcase name="testPlus" classname="fr.ufrst.m1info.comp4.interpreter.minijaja.InterpreterMJJUnitTest" time="0"/>
  <testcase name="testVars" classname="fr.ufrst.m1info.comp4.interpreter.minijaja.InterpreterMJJUnitTest" time="0"/>
  <testcase name="testVoid" classname="fr.ufrst.m1info.comp4.interpreter.minijaja.InterpreterMJJUnitTest" time="0"/>
  <testcase name="testVrai" classname="fr.ufrst.m1info.comp4.interpreter.minijaja.InterpreterMJJUnitTest" time="0"/>
  <testcase name="testMethDefault" classname="fr.ufrst.m1info.comp4.interpreter.minijaja.InterpreterMJJUnitTest" time="0"/>
  <testcase name="testReturnException" classname="fr.ufrst.m1info.comp4.interpreter.minijaja.InterpreterMJJUnitTest" time="0.001"/>
  <testcase name="testSupFalse" classname="fr.ufrst.m1info.comp4.interpreter.minijaja.InterpreterMJJUnitTest" time="0"/>
  <testcase name="testIf" classname="fr.ufrst.m1info.comp4.interpreter.minijaja.InterpreterMJJUnitTest" time="0"/>
  <testcase name="testSommeTException" classname="fr.ufrst.m1info.comp4.interpreter.minijaja.InterpreterMJJUnitTest" time="0.014"/>
  <testcase name="testMethDefaultException" classname="fr.ufrst.m1info.comp4.interpreter.minijaja.InterpreterMJJUnitTest" time="0"/>
  <testcase name="testAffectationTab" classname="fr.ufrst.m1info.comp4.interpreter.minijaja.InterpreterMJJUnitTest" time="0"/>
  <testcase name="testInstrsHasReturned" classname="fr.ufrst.m1info.comp4.interpreter.minijaja.InterpreterMJJUnitTest" time="0"/>
  <testcase name="testAppelEExceptionNull" classname="fr.ufrst.m1info.comp4.interpreter.minijaja.InterpreterMJJUnitTest" time="0.001"/>
  <testcase name="testVarDelete" classname="fr.ufrst.m1info.comp4.interpreter.minijaja.InterpreterMJJUnitTest" time="0"/>
  <testcase name="testAffectation" classname="fr.ufrst.m1info.comp4.interpreter.minijaja.InterpreterMJJUnitTest" time="0"/>
  <testcase name="testBoolean" classname="fr.ufrst.m1info.comp4.interpreter.minijaja.InterpreterMJJUnitTest" time="0"/>
  <testcase name="testIdentExceptionIdent" classname="fr.ufrst.m1info.comp4.interpreter.minijaja.InterpreterMJJUnitTest" time="0.001"/>
  <testcase name="testMoinsUnaire" classname="fr.ufrst.m1info.comp4.interpreter.minijaja.InterpreterMJJUnitTest" time="0"/>
  <testcase name="testTableauDefault" classname="fr.ufrst.m1info.comp4.interpreter.minijaja.InterpreterMJJUnitTest" time="0"/>
  <testcase name="testTableauDelete" classname="fr.ufrst.m1info.comp4.interpreter.minijaja.InterpreterMJJUnitTest" time="0"/>
  <testcase name="testEqualBoolean" classname="fr.ufrst.m1info.comp4.interpreter.minijaja.InterpreterMJJUnitTest" time="0"/>
  <testcase name="testIncTException" classname="fr.ufrst.m1info.comp4.interpreter.minijaja.InterpreterMJJUnitTest" time="0.001"/>
  <testcase name="testAffectationT" classname="fr.ufrst.m1info.comp4.interpreter.minijaja.InterpreterMJJUnitTest" time="0"/>
  <testcase name="testTableauDefaultException" classname="fr.ufrst.m1info.comp4.interpreter.minijaja.InterpreterMJJUnitTest" time="0"/>
  <testcase name="testClassExceptionDecl" classname="fr.ufrst.m1info.comp4.interpreter.minijaja.InterpreterMJJUnitTest" time="0"/>
  <testcase name="testMethDeleteException" classname="fr.ufrst.m1info.comp4.interpreter.minijaja.InterpreterMJJUnitTest" time="0"/>
  <testcase name="testEnteteException" classname="fr.ufrst.m1info.comp4.interpreter.minijaja.InterpreterMJJUnitTest" time="0"/>
  <testcase name="testAppelE" classname="fr.ufrst.m1info.comp4.interpreter.minijaja.InterpreterMJJUnitTest" time="0"/>
  <testcase name="testAppelI" classname="fr.ufrst.m1info.comp4.interpreter.minijaja.InterpreterMJJUnitTest" time="0"/>
  <testcase name="testWriteLn" classname="fr.ufrst.m1info.comp4.interpreter.minijaja.InterpreterMJJUnitTest" time="0.003"/>
  <testcase name="testDivZero" classname="fr.ufrst.m1info.comp4.interpreter.minijaja.InterpreterMJJUnitTest" time="0"/>
  <testcase name="testEqualInt" classname="fr.ufrst.m1info.comp4.interpreter.minijaja.InterpreterMJJUnitTest" time="0"/>
  <testcase name="testEntete" classname="fr.ufrst.m1info.comp4.interpreter.minijaja.InterpreterMJJUnitTest" time="0.001"/>
  <testcase name="testEtTrue" classname="fr.ufrst.m1info.comp4.interpreter.minijaja.InterpreterMJJUnitTest" time="0"/>
  <testcase name="testAppelIExceptionGetVal" classname="fr.ufrst.m1info.comp4.interpreter.minijaja.InterpreterMJJUnitTest" time="0"/>
  <testcase name="testInstrs" classname="fr.ufrst.m1info.comp4.interpreter.minijaja.InterpreterMJJUnitTest" time="0"/>
  <testcase name="testLength" classname="fr.ufrst.m1info.comp4.interpreter.minijaja.InterpreterMJJUnitTest" time="0"/>
  <testcase name="testCstDeleteException" classname="fr.ufrst.m1info.comp4.interpreter.minijaja.InterpreterMJJUnitTest" time="0"/>
  <testcase name="testVarDefaultException" classname="fr.ufrst.m1info.comp4.interpreter.minijaja.InterpreterMJJUnitTest" time="0"/>
  <testcase name="testOuTrue" classname="fr.ufrst.m1info.comp4.interpreter.minijaja.InterpreterMJJUnitTest" time="0"/>
  <testcase name="testAppelIExceptionNull" classname="fr.ufrst.m1info.comp4.interpreter.minijaja.InterpreterMJJUnitTest" time="0"/>
  <testcase name="testMethDelete" classname="fr.ufrst.m1info.comp4.interpreter.minijaja.InterpreterMJJUnitTest" time="0"/>
  <testcase name="testReturn" classname="fr.ufrst.m1info.comp4.interpreter.minijaja.InterpreterMJJUnitTest" time="0"/>
  <testcase name="testSommeT" classname="fr.ufrst.m1info.comp4.interpreter.minijaja.InterpreterMJJUnitTest" time="0"/>
  <testcase name="testNonTrue" classname="fr.ufrst.m1info.comp4.interpreter.minijaja.InterpreterMJJUnitTest" time="0.001"/>
  <testcase name="testSommeException" classname="fr.ufrst.m1info.comp4.interpreter.minijaja.InterpreterMJJUnitTest" time="0"/>
  <testcase name="testTabException" classname="fr.ufrst.m1info.comp4.interpreter.minijaja.InterpreterMJJUnitTest" time="0"/>
  <testcase name="testSupTrue" classname="fr.ufrst.m1info.comp4.interpreter.minijaja.InterpreterMJJUnitTest" time="0"/>
  <testcase name="testNonFalse" classname="fr.ufrst.m1info.comp4.interpreter.minijaja.InterpreterMJJUnitTest" time="0"/>
</testsuite>