<?xml version="1.0" encoding="UTF-8"?>
<testsuite xmlns:xsi="http://www.w3.org/2001/XMLSchema-instance" xsi:noNamespaceSchemaLocation="https://maven.apache.org/surefire/maven-surefire-plugin/xsd/surefire-test-report-3.0.xsd" version="3.0" name="fr.ufrst.m1info.comp4.interpreter.jajacode.InterpreterJJCUnitTest" time="0.03" tests="114" errors="0" skipped="0" failures="0">
  <properties>
[...]
</properties>
  <testcase name="testSimpleNode" classname="fr.ufrst.m1info.comp4.interpreter.jajacode.InterpreterJJCUnitTest" time="0"/>
  <testcase name="testAIncExceptionNull1" classname="fr.ufrst.m1info.comp4.interpreter.jajacode.InterpreterJJCUnitTest" time="0.001"/>
  <testcase name="testAIncExceptionNull2" classname="fr.ufrst.m1info.comp4.interpreter.jajacode.InterpreterJJCUnitTest" time="0"/>
  <testcase name="testAIncExceptionNull3" classname="fr.ufrst.m1info.comp4.interpreter.jajacode.InterpreterJJCUnitTest" time="0"/>
  <testcase name="testNotFalse" classname="fr.ufrst.m1info.comp4.interpreter.jajacode.InterpreterJJCUnitTest" time="0.001"/>
  <testcase name="testAddException" classname="fr.ufrst.m1info.comp4.interpreter.jajacode.InterpreterJJCUnitTest" time="0"/>
  <testcase name="testIncExceptionNullGetVal" classname="fr.ufrst.m1info.comp4.interpreter.jajacode.InterpreterJJCUnitTest" time="0"/>
  <testcase name="testInvokeException" classname="fr.ufrst.m1info.comp4.interpreter.jajacode.InterpreterJJCUnitTest" time="0"/>
  <testcase name="testStoreTab" classname="fr.ufrst.m1info.comp4.interpreter.jajacode.InterpreterJJCUnitTest" time="0.001"/>
  <testcase name="testNewArrayException" classname="fr.ufrst.m1info.comp4.interpreter.jajacode.InterpreterJJCUnitTest" time="0"/>
  <testcase name="testNotException" classname="fr.ufrst.m1info.comp4.interpreter.jajacode.InterpreterJJCUnitTest" time="0.001"/>
  <testcase name="testCmpFalse" classname="fr.ufrst.m1info.comp4.interpreter.jajacode.InterpreterJJCUnitTest" time="0"/>
  <testcase name="testSubExceptionNullDequeue1" classname="fr.ufrst.m1info.comp4.interpreter.jajacode.InterpreterJJCUnitTest" time="0"/>
  <testcase name="testSubExceptionNullDequeue2" classname="fr.ufrst.m1info.comp4.interpreter.jajacode.InterpreterJJCUnitTest" time="0"/>
  <testcase name="testIncException" classname="fr.ufrst.m1info.comp4.interpreter.jajacode.InterpreterJJCUnitTest" time="0"/>
  <testcase name="testLengthExceptionGetVal" classname="fr.ufrst.m1info.comp4.interpreter.jajacode.InterpreterJJCUnitTest" time="0.001"/>
  <testcase name="testAdd" classname="fr.ufrst.m1info.comp4.interpreter.jajacode.InterpreterJJCUnitTest" time="0"/>
  <testcase name="testCst" classname="fr.ufrst.m1info.comp4.interpreter.jajacode.InterpreterJJCUnitTest" time="0"/>
  <testcase name="testDiv" classname="fr.ufrst.m1info.comp4.interpreter.jajacode.InterpreterJJCUnitTest" time="0"/>
  <testcase name="testInc" classname="fr.ufrst.m1info.comp4.interpreter.jajacode.InterpreterJJCUnitTest" time="0"/>
  <testcase name="testInt" classname="fr.ufrst.m1info.comp4.interpreter.jajacode.InterpreterJJCUnitTest" time="0"/>
  <testcase name="testMul" classname="fr.ufrst.m1info.comp4.interpreter.jajacode.InterpreterJJCUnitTest" time="0.001"/>
  <testcase name="testNeg" classname="fr.ufrst.m1info.comp4.interpreter.jajacode.InterpreterJJCUnitTest" time="0"/>
  <testcase name="testNop" classname="fr.ufrst.m1info.comp4.interpreter.jajacode.InterpreterJJCUnitTest" time="0"/>
  <testcase name="testPop" classname="fr.ufrst.m1info.comp4.interpreter.jajacode.InterpreterJJCUnitTest" time="0"/>
  <testcase name="testSub" classname="fr.ufrst.m1info.comp4.interpreter.jajacode.InterpreterJJCUnitTest" time="0"/>
  <testcase name="testTab" classname="fr.ufrst.m1info.comp4.interpreter.jajacode.InterpreterJJCUnitTest" time="0.001"/>
  <testcase name="testVar" classname="fr.ufrst.m1info.comp4.interpreter.jajacode.InterpreterJJCUnitTest" time="0"/>
  <testcase name="testOrFirstTrue" classname="fr.ufrst.m1info.comp4.interpreter.jajacode.InterpreterJJCUnitTest" time="0"/>
  <testcase name="testIncExceptionNullDequeue" classname="fr.ufrst.m1info.comp4.interpreter.jajacode.InterpreterJJCUnitTest" time="0"/>
  <testcase name="testAndFirstFalse" classname="fr.ufrst.m1info.comp4.interpreter.jajacode.InterpreterJJCUnitTest" time="0"/>
  <testcase name="testDivExceptionDivisionByZero" classname="fr.ufrst.m1info.comp4.interpreter.jajacode.InterpreterJJCUnitTest" time="0"/>
  <testcase name="testALoad" classname="fr.ufrst.m1info.comp4.interpreter.jajacode.InterpreterJJCUnitTest" time="0.001"/>
  <testcase name="testFalse" classname="fr.ufrst.m1info.comp4.interpreter.jajacode.InterpreterJJCUnitTest" time="0"/>
  <testcase name="testIdent" classname="fr.ufrst.m1info.comp4.interpreter.jajacode.InterpreterJJCUnitTest" time="0"/>
  <testcase name="testJcnil" classname="fr.ufrst.m1info.comp4.interpreter.jajacode.InterpreterJJCUnitTest" time="0"/>
  <testcase name="testStore" classname="fr.ufrst.m1info.comp4.interpreter.jajacode.InterpreterJJCUnitTest" time="0"/>
  <testcase name="testWrite" classname="fr.ufrst.m1info.comp4.interpreter.jajacode.InterpreterJJCUnitTest" time="0.001"/>
  <testcase name="testWriteException" classname="fr.ufrst.m1info.comp4.interpreter.jajacode.InterpreterJJCUnitTest" time="0"/>
  <testcase name="testDivException" classname="fr.ufrst.m1info.comp4.interpreter.jajacode.InterpreterJJCUnitTest" time="0"/>
  <testcase name="testAInc" classname="fr.ufrst.m1info.comp4.interpreter.jajacode.InterpreterJJCUnitTest" time="0"/>
  <testcase name="testBool" classname="fr.ufrst.m1info.comp4.interpreter.jajacode.InterpreterJJCUnitTest" time="0.001"/>
  <testcase name="testGoto" classname="fr.ufrst.m1info.comp4.interpreter.jajacode.InterpreterJJCUnitTest" time="0"/>
  <testcase name="testInit" classname="fr.ufrst.m1info.comp4.interpreter.jajacode.InterpreterJJCUnitTest" time="0"/>
  <testcase name="testLoad" classname="fr.ufrst.m1info.comp4.interpreter.jajacode.InterpreterJJCUnitTest" time="0"/>
  <testcase name="testMeth" classname="fr.ufrst.m1info.comp4.interpreter.jajacode.InterpreterJJCUnitTest" time="0"/>
  <testcase name="testNbre" classname="fr.ufrst.m1info.comp4.interpreter.jajacode.InterpreterJJCUnitTest" time="0.001"/>
  <testcase name="testPush" classname="fr.ufrst.m1info.comp4.interpreter.jajacode.InterpreterJJCUnitTest" time="0"/>
  <testcase name="testStop" classname="fr.ufrst.m1info.comp4.interpreter.jajacode.InterpreterJJCUnitTest" time="0"/>
  <testcase name="testSwap" classname="fr.ufrst.m1info.comp4.interpreter.jajacode.InterpreterJJCUnitTest" time="0"/>
  <testcase name="testTrue" classname="fr.ufrst.m1info.comp4.interpreter.jajacode.InterpreterJJCUnitTest" time="0"/>
  <testcase name="testVcst" classname="fr.ufrst.m1info.comp4.interpreter.jajacode.InterpreterJJCUnitTest" time="0.001"/>
  <testcase name="testVoid" classname="fr.ufrst.m1info.comp4.interpreter.jajacode.InterpreterJJCUnitTest" time="0"/>
  <testcase name="testReturnException" classname="fr.ufrst.m1info.comp4.interpreter.jajacode.InterpreterJJCUnitTest" time="0"/>
  <testcase name="testSupFalse" classname="fr.ufrst.m1info.comp4.interpreter.jajacode.InterpreterJJCUnitTest" time="0"/>
  <testcase name="testPopException" classname="fr.ufrst.m1info.comp4.interpreter.jajacode.InterpreterJJCUnitTest" time="0.001"/>
  <testcase name="testDivExceptionNullDequeue1" classname="fr.ufrst.m1info.comp4.interpreter.jajacode.InterpreterJJCUnitTest" time="0"/>
  <testcase name="testDivExceptionNullDequeue2" classname="fr.ufrst.m1info.comp4.interpreter.jajacode.InterpreterJJCUnitTest" time="0"/>
  <testcase name="testCmpExceptionNullDequeue1" classname="fr.ufrst.m1info.comp4.interpreter.jajacode.InterpreterJJCUnitTest" time="0"/>
  <testcase name="testCmpExceptionNullDequeue2" classname="fr.ufrst.m1info.comp4.interpreter.jajacode.InterpreterJJCUnitTest" time="0"/>
  <testcase name="testJajaCode" classname="fr.ufrst.m1info.comp4.interpreter.jajacode.InterpreterJJCUnitTest" time="0"/>
  <testcase name="testNewCstException" classname="fr.ufrst.m1info.comp4.interpreter.jajacode.InterpreterJJCUnitTest" time="0.001"/>
  <testcase name="testAndExceptionNullDequeue1" classname="fr.ufrst.m1info.comp4.interpreter.jajacode.InterpreterJJCUnitTest" time="0"/>
  <testcase name="testAndExceptionNullDequeue2" classname="fr.ufrst.m1info.comp4.interpreter.jajacode.InterpreterJJCUnitTest" time="0"/>
  <testcase name="testAStoreExceptionNull" classname="fr.ufrst.m1info.comp4.interpreter.jajacode.InterpreterJJCUnitTest" time="0.001"/>
  <testcase name="testOrException" classname="fr.ufrst.m1info.comp4.interpreter.jajacode.InterpreterJJCUnitTest" time="0"/>
  <testcase name="testMulExceptionNullDequeue1" classname="fr.ufrst.m1info.comp4.interpreter.jajacode.InterpreterJJCUnitTest" time="0"/>
  <testcase name="testMulExceptionNullDequeue2" classname="fr.ufrst.m1info.comp4.interpreter.jajacode.InterpreterJJCUnitTest" time="0"/>
  <testcase name="testSupExceptionNullDequeue1" classname="fr.ufrst.m1info.comp4.interpreter.jajacode.InterpreterJJCUnitTest" time="0"/>
  <testcase name="testSupExceptionNullDequeue2" classname="fr.ufrst.m1info.comp4.interpreter.jajacode.InterpreterJJCUnitTest" time="0"/>
  <testcase name="testWriteLnExceptionNull" classname="fr.ufrst.m1info.comp4.interpreter.jajacode.InterpreterJJCUnitTest" time="0.001"/>
  <testcase name="testLoadException" classname="fr.ufrst.m1info.comp4.interpreter.jajacode.InterpreterJJCUnitTest" time="0"/>
  <testcase name="testAndFirstTrue" classname="fr.ufrst.m1info.comp4.interpreter.jajacode.InterpreterJJCUnitTest" time="0"/>
  <testcase name="testIfExceptionNull" classname="fr.ufrst.m1info.comp4.interpreter.jajacode.InterpreterJJCUnitTest" time="0"/>
  <testcase name="testAddExceptionNullDequeue1" classname="fr.ufrst.m1info.comp4.interpreter.jajacode.InterpreterJJCUnitTest" time="0"/>
  <testcase name="testAddExceptionNullDequeue2" classname="fr.ufrst.m1info.comp4.interpreter.jajacode.InterpreterJJCUnitTest" time="0"/>
  <testcase name="testIfException" classname="fr.ufrst.m1info.comp4.interpreter.jajacode.InterpreterJJCUnitTest" time="0.001"/>
  <testcase name="testAIncExceptionAffectValT" classname="fr.ufrst.m1info.comp4.interpreter.jajacode.InterpreterJJCUnitTest" time="0"/>
  <testcase name="testSubException" classname="fr.ufrst.m1info.comp4.interpreter.jajacode.InterpreterJJCUnitTest" time="0"/>
  <testcase name="testStoreException" classname="fr.ufrst.m1info.comp4.interpreter.jajacode.InterpreterJJCUnitTest" time="0"/>
  <testcase name="testCmpTrue" classname="fr.ufrst.m1info.comp4.interpreter.jajacode.InterpreterJJCUnitTest" time="0"/>
  <testcase name="testAStoreExceptionAffectValT" classname="fr.ufrst.m1info.comp4.interpreter.jajacode.InterpreterJJCUnitTest" time="0"/>
  <testcase name="testNewVarException" classname="fr.ufrst.m1info.comp4.interpreter.jajacode.InterpreterJJCUnitTest" time="0"/>
  <testcase name="testOrExceptionNullDequeue1" classname="fr.ufrst.m1info.comp4.interpreter.jajacode.InterpreterJJCUnitTest" time="0"/>
  <testcase name="testOrExceptionNullDequeue2" classname="fr.ufrst.m1info.comp4.interpreter.jajacode.InterpreterJJCUnitTest" time="0"/>
  <testcase name="testLengthExceptionNonArray" classname="fr.ufrst.m1info.comp4.interpreter.jajacode.InterpreterJJCUnitTest" time="0"/>
  <testcase name="testNotExceptionNull" classname="fr.ufrst.m1info.comp4.interpreter.jajacode.InterpreterJJCUnitTest" time="0"/>
  <testcase name="testJSwapException" classname="fr.ufrst.m1info.comp4.interpreter.jajacode.InterpreterJJCUnitTest" time="0"/>
  <testcase name="testNegExceptionNull" classname="fr.ufrst.m1info.comp4.interpreter.jajacode.InterpreterJJCUnitTest" time="0"/>
  <testcase name="testAStore" classname="fr.ufrst.m1info.comp4.interpreter.jajacode.InterpreterJJCUnitTest" time="0.001"/>
  <testcase name="testWriteLn" classname="fr.ufrst.m1info.comp4.interpreter.jajacode.InterpreterJJCUnitTest" time="0"/>
  <testcase name="testCmpException" classname="fr.ufrst.m1info.comp4.interpreter.jajacode.InterpreterJJCUnitTest" time="0"/>
  <testcase name="testIfFalse" classname="fr.ufrst.m1info.comp4.interpreter.jajacode.InterpreterJJCUnitTest" time="0"/>
  <testcase name="testOrFirstFalse" classname="fr.ufrst.m1info.comp4.interpreter.jajacode.InterpreterJJCUnitTest" time="0"/>
  <testcase name="testIfTrue" classname="fr.ufrst.m1info.comp4.interpreter.jajacode.InterpreterJJCUnitTest" time="0.001"/>
  <testcase name="testInvoke" classname="fr.ufrst.m1info.comp4.interpreter.jajacode.InterpreterJJCUnitTest" time="0"/>
  <testcase name="testNewMeth" classname="fr.ufrst.m1info.comp4.interpreter.jajacode.InterpreterJJCUnitTest" time="0"/>
  <testcase name="testLength" classname="fr.ufrst.m1info.comp4.interpreter.jajacode.InterpreterJJCUnitTest" time="0"/>
  <testcase name="testWriteLnException" classname="fr.ufrst.m1info.comp4.interpreter.jajacode.InterpreterJJCUnitTest" time="0"/>
  <testcase name="testALoadExceptionNull" classname="fr.ufrst.m1info.comp4.interpreter.jajacode.InterpreterJJCUnitTest" time="0"/>
  <testcase name="testNewCst" classname="fr.ufrst.m1info.comp4.interpreter.jajacode.InterpreterJJCUnitTest" time="0"/>
  <testcase name="testNewVar" classname="fr.ufrst.m1info.comp4.interpreter.jajacode.InterpreterJJCUnitTest" time="0"/>
  <testcase name="testAndException" classname="fr.ufrst.m1info.comp4.interpreter.jajacode.InterpreterJJCUnitTest" time="0"/>
  <testcase name="testNegException" classname="fr.ufrst.m1info.comp4.interpreter.jajacode.InterpreterJJCUnitTest" time="0.001"/>
  <testcase name="testReturn" classname="fr.ufrst.m1info.comp4.interpreter.jajacode.InterpreterJJCUnitTest" time="0"/>
  <testcase name="testString" classname="fr.ufrst.m1info.comp4.interpreter.jajacode.InterpreterJJCUnitTest" time="0"/>
  <testcase name="testNotTrue" classname="fr.ufrst.m1info.comp4.interpreter.jajacode.InterpreterJJCUnitTest" time="0"/>
  <testcase name="testNewMethException" classname="fr.ufrst.m1info.comp4.interpreter.jajacode.InterpreterJJCUnitTest" time="0"/>
  <testcase name="testALoadExceptionGetValT" classname="fr.ufrst.m1info.comp4.interpreter.jajacode.InterpreterJJCUnitTest" time="0.001"/>
  <testcase name="testSupException" classname="fr.ufrst.m1info.comp4.interpreter.jajacode.InterpreterJJCUnitTest" time="0"/>
  <testcase name="testMulException" classname="fr.ufrst.m1info.comp4.interpreter.jajacode.InterpreterJJCUnitTest" time="0"/>
  <testcase name="testSupTrue" classname="fr.ufrst.m1info.comp4.interpreter.jajacode.InterpreterJJCUnitTest" time="0"/>
  <testcase name="testNewArray" classname="fr.ufrst.m1info.comp4.interpreter.jajacode.InterpreterJJCUnitTest" time="0"/>
  <testcase name="testWriteExceptionNull" classname="fr.ufrst.m1info.comp4.interpreter.jajacode.InterpreterJJCUnitTest" time="0"/>
</testsuite>