<?xml version="1.0" encoding="UTF-8"?>
<testsuite xmlns:xsi="http://www.w3.org/2001/XMLSchema-instance" xsi:noNamespaceSchemaLocation="https://maven.apache.org/surefire/maven-surefire-plugin/xsd/surefire-test-report-3.0.xsd" version="3.0" name="fr.ufrst.m1info.comp4.memory.MemoryTest" time="0.032" tests="42" errors="0" skipped="0" failures="0">
  <properties>
[...]
</properties>
  <testcase name="affectValExceptionCstTest" classname="fr.ufrst.m1info.comp4.memory.MemoryTest" time="0.002"/>
  <testcase name="toStringTopStackTest" classname="fr.ufrst.m1info.comp4.memory.MemoryTest" time="0"/>
  <testcase name="declTabExceptionNegTest" classname="fr.ufrst.m1info.comp4.memory.MemoryTest" time="0"/>
  <testcase name="declTabExceptionNullTest" classname="fr.ufrst.m1info.comp4.memory.MemoryTest" time="0.001"/>
  <testcase name="dequeueExceptionTest" classname="fr.ufrst.m1info.comp4.memory.MemoryTest" time="0"/>
  <testcase name="declMethTest" classname="fr.ufrst.m1info.comp4.memory.MemoryTest" time="0"/>
  <testcase name="sorteToStringTest" classname="fr.ufrst.m1info.comp4.memory.MemoryTest" time="0"/>
  <testcase name="getArraySizeTest" classname="fr.ufrst.m1info.comp4.memory.MemoryTest" time="0"/>
  <testcase name="swapExceptionNullTest" classname="fr.ufrst.m1info.comp4.memory.MemoryTest" time="0"/>
  <testcase name="clearTest" classname="fr.ufrst.m1info.comp4.memory.MemoryTest" time="0"/>
  <testcase name="declTabTest" classname="fr.ufrst.m1info.comp4.memory.MemoryTest" time="0.001"/>
  <testcase name="affectValTTest" classname="fr.ufrst.m1info.comp4.memory.MemoryTest" time="0"/>
  <testcase name="removeDeclTest" classname="fr.ufrst.m1info.comp4.memory.MemoryTest" time="0"/>
  <testcase name="getValClassTest" classname="fr.ufrst.m1info.comp4.memory.MemoryTest" time="0"/>
  <testcase name="getClassNameExceptionTest" classname="fr.ufrst.m1info.comp4.memory.MemoryTest" time="0"/>
  <testcase name="affectValExceptionNullTest" classname="fr.ufrst.m1info.comp4.memory.MemoryTest" time="0.001"/>
  <testcase name="affectValTExceptionNullTest" classname="fr.ufrst.m1info.comp4.memory.MemoryTest" time="0"/>
  <testcase name="identValTest" classname="fr.ufrst.m1info.comp4.memory.MemoryTest" time="0"/>
  <testcase name="swapTest" classname="fr.ufrst.m1info.comp4.memory.MemoryTest" time="0"/>
  <testcase name="removeDeclExceptionTest" classname="fr.ufrst.m1info.comp4.memory.MemoryTest" time="0.001"/>
  <testcase name="incrementReferenceHeapTest" classname="fr.ufrst.m1info.comp4.memory.MemoryTest" time="0"/>
  <testcase name="deallocateHeapTest" classname="fr.ufrst.m1info.comp4.memory.MemoryTest" time="0"/>
  <testcase name="affectValTExceptionNotTabTest" classname="fr.ufrst.m1info.comp4.memory.MemoryTest" time="0"/>
  <testcase name="dequeueTest" classname="fr.ufrst.m1info.comp4.memory.MemoryTest" time="0.001"/>
  <testcase name="toStringTest" classname="fr.ufrst.m1info.comp4.memory.MemoryTest" time="0.007"/>
  <testcase name="declVarTest" classname="fr.ufrst.m1info.comp4.memory.MemoryTest" time="0"/>
  <testcase name="identValExceptionTest" classname="fr.ufrst.m1info.comp4.memory.MemoryTest" time="0"/>
  <testcase name="dequeue1Test" classname="fr.ufrst.m1info.comp4.memory.MemoryTest" time="0"/>
  <testcase name="dequeue2Test" classname="fr.ufrst.m1info.comp4.memory.MemoryTest" time="0"/>
  <testcase name="removeDeclTabTest" classname="fr.ufrst.m1info.comp4.memory.MemoryTest" time="0"/>
  <testcase name="getValExceptionTest" classname="fr.ufrst.m1info.comp4.memory.MemoryTest" time="0"/>
  <testcase name="getValTExceptionTest" classname="fr.ufrst.m1info.comp4.memory.MemoryTest" time="0"/>
  <testcase name="removeDeclTopTest" classname="fr.ufrst.m1info.comp4.memory.MemoryTest" time="0"/>
  <testcase name="affectValVarTest" classname="fr.ufrst.m1info.comp4.memory.MemoryTest" time="0"/>
  <testcase name="declCstTest" classname="fr.ufrst.m1info.comp4.memory.MemoryTest" time="0"/>
  <testcase name="removeDeclBottomTest" classname="fr.ufrst.m1info.comp4.memory.MemoryTest" time="0"/>
  <testcase name="setSymbolTableTest" classname="fr.ufrst.m1info.comp4.memory.MemoryTest" time="0"/>
  <testcase name="toStringHeapTest" classname="fr.ufrst.m1info.comp4.memory.MemoryTest" time="0.006"/>
  <testcase name="affectValVcstTest" classname="fr.ufrst.m1info.comp4.memory.MemoryTest" time="0.001"/>
  <testcase name="getValClassExceptionTest" classname="fr.ufrst.m1info.comp4.memory.MemoryTest" time="0"/>
  <testcase name="getClassNameTest" classname="fr.ufrst.m1info.comp4.memory.MemoryTest" time="0"/>
  <testcase name="swapException1ValTest" classname="fr.ufrst.m1info.comp4.memory.MemoryTest" time="0"/>
</testsuite>